BTEQ 13.00.00.03 Tue Apr 25 10:54:05 2017
 
+---------+---------+---------+---------+---------+---------+---------+----
.logon cgi/dbc,

 *** Logon successfully completed.
 *** Teradata Database Release is 13.00.00.12                   
 *** Teradata Database Version is 13.00.00.12                     
 *** Transaction Semantics are BTET.
 *** Character Set Name is 'ASCII'.
 
 *** Total elapsed time was 1 second.
 
+---------+---------+---------+---------+---------+---------+---------+----

.set width 255
+---------+---------+---------+---------+---------+---------+---------+---------+---------+---------+---------+---------+---------+-
.set maxerror 25
+---------+---------+---------+---------+---------+---------+---------+---------+---------+---------+---------+---------+---------+-
.set errorout stdout
 *** Error messages now directed to STDOUT.
+---------+---------+---------+---------+---------+---------+---------+---------+---------+---------+---------+---------+---------+-

drop table emp_1;
 *** Failure 5467 Cannot drop, MLOAD, or RESTORE a table with join or hash indexes.
                Statement# 1, Info =0 
 *** Total elapsed time was 1 second.


+---------+---------+---------+---------+---------+---------+---------+---------+---------+---------+---------+---------+---------+-
drop table dept;

 *** Table has been dropped. 
 *** Total elapsed time was 2 seconds.


+---------+---------+---------+---------+---------+---------+---------+---------+---------+---------+---------+---------+---------+-
drop table bonus;

 *** Table has been dropped. 
 *** Total elapsed time was 1 second.


+---------+---------+---------+---------+---------+---------+---------+---------+---------+---------+---------+---------+---------+-
drop table salgrade;

 *** Table has been dropped. 
 *** Total elapsed time was 1 second.


+---------+---------+---------+---------+---------+---------+---------+---------+---------+---------+---------+---------+---------+-
drop table dummy;
 *** Failure 3807 Object 'dummy' does not exist.
                Statement# 1, Info =0 
 *** Total elapsed time was 1 second.


+---------+---------+---------+---------+---------+---------+---------+---------+---------+---------+---------+---------+---------+-

create multiset table emp_1
 (emp_1no int not null,
  ename varchar(10),
  job varchar(9),
  mgr int,
  hiredate date format 'dd-mm-yyyy',
  sal int,
  comm int,
  deptno int);
 *** Failure 3803 Table 'emp_1' already exists.
                Statement# 1, Info =0 
 *** Total elapsed time was 1 second.


+---------+---------+---------+---------+---------+---------+---------+---------+---------+---------+---------+---------+---------+-

insert into emp_1 values 
(1111, 'smith' , 'clerk' ,7902, 
'17-12-1980', 800,null,20);

 *** Insert completed. One row added. 
 *** Total elapsed time was 1 second.


+---------+---------+---------+---------+---------+---------+---------+---------+---------+---------+---------+---------+---------+-

insert into emp_1 values
(7499, 'allen' , 'salesman' ,7698, 
'20-02-1981', 1600,300,30);

 *** Insert completed. One row added. 
 *** Total elapsed time was 1 second.


+---------+---------+---------+---------+---------+---------+---------+---------+---------+---------+---------+---------+---------+-

insert into emp_1 values
(7521, 'ward' , 'salesman' ,7698, 
'22-02-1981', 1250,500,20);

 *** Insert completed. One row added. 
 *** Total elapsed time was 1 second.


+---------+---------+---------+---------+---------+---------+---------+---------+---------+---------+---------+---------+---------+-

insert into emp_1 values(7566, 'jones' , 'manager' ,7839, 
'02-04-1981', 2975,null,20);

 *** Insert completed. One row added. 
 *** Total elapsed time was 1 second.


+---------+---------+---------+---------+---------+---------+---------+---------+---------+---------+---------+---------+---------+-

insert into emp_1 values(7654, 'martinia' , 'salesman' ,7698, 
'28-09-1981', 1250,1400,30);

 *** Insert completed. One row added. 
 *** Total elapsed time was 1 second.


+---------+---------+---------+---------+---------+---------+---------+---------+---------+---------+---------+---------+---------+-

insert into emp_1 values(7698, 'blake' , 'manager' ,7839, 
'01-05-1981', 2850, null,30);

 *** Insert completed. One row added. 
 *** Total elapsed time was 1 second.


+---------+---------+---------+---------+---------+---------+---------+---------+---------+---------+---------+---------+---------+-

insert into emp_1 values(7782, 'clark' , 'manager' ,7830,
'09-06-1981', 2450,null,10);

 *** Insert completed. One row added. 
 *** Total elapsed time was 1 second.


+---------+---------+---------+---------+---------+---------+---------+---------+---------+---------+---------+---------+---------+-

insert into emp_1 values(7788, 'scott' , 'analyst', 7566, 
'09-12-1982',3000,null,20);

 *** Insert completed. One row added. 
 *** Total elapsed time was 1 second.


+---------+---------+---------+---------+---------+---------+---------+---------+---------+---------+---------+---------+---------+-

insert into emp_1 values(7834, 'king' ,'president',1234, 
'17-11-1981',  5000,null,10);

 *** Insert completed. One row added. 
 *** Total elapsed time was 1 second.


+---------+---------+---------+---------+---------+---------+---------+---------+---------+---------+---------+---------+---------+-

insert into emp_1 values(7844,'burner','salesman',7698,
'08-09-1981',1500,0,30);

 *** Insert completed. One row added. 
 *** Total elapsed time was 1 second.


+---------+---------+---------+---------+---------+---------+---------+---------+---------+---------+---------+---------+---------+-

insert into emp_1 values(7876, 'adams' , 'clerk' ,7788, 
'12-01-1983', 1100,null,20);

 *** Insert completed. One row added. 
 *** Total elapsed time was 1 second.


+---------+---------+---------+---------+---------+---------+---------+---------+---------+---------+---------+---------+---------+-

insert into emp_1 values(7900,'james','clerk',7698,
'03-12-1981',950,null,30);

 *** Insert completed. One row added. 
 *** Total elapsed time was 1 second.


+---------+---------+---------+---------+---------+---------+---------+---------+---------+---------+---------+---------+---------+-

insert into emp_1 values(7902, 'ford' , 'analyst' ,7566, 
'03-12-1981', 3000,null,20);

 *** Insert completed. One row added. 
 *** Total elapsed time was 1 second.


+---------+---------+---------+---------+---------+---------+---------+---------+---------+---------+---------+---------+---------+-

insert into emp_1 values(7369, 'miller' , 'clerk' ,7782, 
'23-01-1982', 1300, null,10);

 *** Insert completed. One row added. 
 *** Total elapsed time was 1 second.


+---------+---------+---------+---------+---------+---------+---------+---------+---------+---------+---------+---------+---------+-

CREATE multiset TABLE DEPT
(DEPTNO int,
DNAME varchar(14),
LOC VARCHAR(13) );

 *** Table has been created. 
 *** Total elapsed time was 1 second.


+---------+---------+---------+---------+---------+---------+---------+---------+---------+---------+---------+---------+---------+-

INSERT INTO DEPT VALUES (10, 'ACCOUNTING', 'NEW YORK');

 *** Insert completed. One row added. 
 *** Total elapsed time was 1 second.


+---------+---------+---------+---------+---------+---------+---------+---------+---------+---------+---------+---------+---------+-
INSERT INTO DEPT VALUES (20, 'RESEARCH', 'DALLAS' );

 *** Insert completed. One row added. 
 *** Total elapsed time was 1 second.


+---------+---------+---------+---------+---------+---------+---------+---------+---------+---------+---------+---------+---------+-
INSERT INTO DEPT VALUES (30, 'SALES', 'CHICAGO' );

 *** Insert completed. One row added. 
 *** Total elapsed time was 1 second.


+---------+---------+---------+---------+---------+---------+---------+---------+---------+---------+---------+---------+---------+-
INSERT INTO DEPT VALUES (40, 'OPRATIONS', 'BOSTON' );

 *** Insert completed. One row added. 
 *** Total elapsed time was 1 second.


+---------+---------+---------+---------+---------+---------+---------+---------+---------+---------+---------+---------+---------+-

CREATE multiset TABLE BONUS
(ENAME varchar(10),
JOB varchar(9),
SAL int,
COMM int);

 *** Table has been created. 
 *** Total elapsed time was 1 second.


+---------+---------+---------+---------+---------+---------+---------+---------+---------+---------+---------+---------+---------+-

CREATE multiset TABLE SALGRADE
(GRADE int,
LOSAL int,
HISAL int);

 *** Table has been created. 
 *** Total elapsed time was 1 second.


+---------+---------+---------+---------+---------+---------+---------+---------+---------+---------+---------+---------+---------+-

INSERT INTO SALGRADE VALUES (1, 700, 1200);

 *** Insert completed. One row added. 
 *** Total elapsed time was 1 second.


+---------+---------+---------+---------+---------+---------+---------+---------+---------+---------+---------+---------+---------+-
INSERT INTO SALGRADE VALUES (2, 1201, 1400);

 *** Insert completed. One row added. 
 *** Total elapsed time was 1 second.


+---------+---------+---------+---------+---------+---------+---------+---------+---------+---------+---------+---------+---------+-
INSERT INTO SALGRADE VALUES (3, 1401, 2000);

 *** Insert completed. One row added. 
 *** Total elapsed time was 1 second.


+---------+---------+---------+---------+---------+---------+---------+---------+---------+---------+---------+---------+---------+-
INSERT INTO SALGRADE VALUES (4, 2001, 3000);

 *** Insert completed. One row added. 
 *** Total elapsed time was 1 second.


+---------+---------+---------+---------+---------+---------+---------+---------+---------+---------+---------+---------+---------+-
INSERT INTO SALGRADE VALUES (5, 3001, 9999);

 *** Insert completed. One row added. 
 *** Total elapsed time was 1 second.


+---------+---------+---------+---------+---------+---------+---------+---------+---------+---------+---------+---------+---------+-


CREATE multiset TABLE SALGRADE
(DUMMY int);
 *** Failure 3803 Table 'SALGRADE' already exists.
                Statement# 1, Info =0 
 *** Total elapsed time was 1 second.


+---------+---------+---------+---------+---------+---------+---------+---------+---------+---------+---------+---------+---------+-

INSERT INTO DUMMY VALUES (0);
 *** Failure 3807 Object 'DUMMY' does not exist.
                Statement# 1, Info =0 
 *** Total elapsed time was 1 second.


+---------+---------+---------+---------+---------+---------+---------+---------+---------+---------+---------+---------+---------+-

.quit
 *** You are now logged off from the DBC.
 *** Exiting BTEQ...
 *** RC (return code) = 8 
